{"level":"info","ts":1713350498.2768497,"caller":"app/main.go:29","msg":"Listen: ","address":"localhost:50060"}
{"level":"info","ts":1713357045.598578,"caller":"app/main.go:29","msg":"Listen: ","address":"localhost:50060"}
{"level":"info","ts":1713357052.8189893,"caller":"app/main.go:40","msg":"api gateway stops"}
{"level":"error","ts":1713357052.819307,"caller":"app/main.go:31","msg":"app run","error":"http: Server closed"}
{"level":"info","ts":1713357353.8317106,"caller":"app/main.go:29","msg":"Listen: ","address":"localhost:50060"}
{"level":"info","ts":1713357411.4766335,"caller":"app/main.go:40","msg":"api gateway stops"}
{"level":"error","ts":1713357411.4776745,"caller":"app/main.go:31","msg":"app run","error":"http: Server closed"}
{"level":"info","ts":1713357466.326376,"caller":"app/main.go:29","msg":"Listen: ","address":"localhost:50060"}
{"level":"info","ts":1713357518.3649013,"caller":"app/main.go:40","msg":"api gateway stops"}
{"level":"error","ts":1713357518.3663874,"caller":"app/main.go:31","msg":"app run","error":"http: Server closed"}
{"level":"info","ts":1713357590.5848074,"caller":"app/main.go:29","msg":"Listen: ","address":"localhost:50060"}
{"level":"info","ts":1713357628.8434434,"caller":"app/main.go:40","msg":"api gateway stops"}
{"level":"error","ts":1713357628.8441727,"caller":"app/main.go:31","msg":"app run","error":"http: Server closed"}
{"level":"info","ts":1713357737.126179,"caller":"app/main.go:29","msg":"Listen: ","address":"localhost:50060"}
{"level":"info","ts":1713357739.4644368,"caller":"app/main.go:40","msg":"api gateway stops"}
{"level":"error","ts":1713357739.4650695,"caller":"app/main.go:31","msg":"app run","error":"http: Server closed"}
{"level":"info","ts":1713357743.372274,"caller":"app/main.go:29","msg":"Listen: ","address":"localhost:50060"}
{"level":"info","ts":1713357775.0449817,"caller":"app/main.go:40","msg":"api gateway stops"}
{"level":"error","ts":1713357775.0458279,"caller":"app/main.go:31","msg":"app run","error":"http: Server closed"}
{"level":"info","ts":1713357979.8974373,"caller":"app/main.go:29","msg":"Listen: ","address":"localhost:50060"}
{"level":"info","ts":1713358035.9878347,"caller":"app/main.go:40","msg":"api gateway stops"}
{"level":"error","ts":1713358035.9886258,"caller":"app/main.go:31","msg":"app run","error":"http: Server closed"}
{"level":"info","ts":1713358041.6260955,"caller":"app/main.go:29","msg":"Listen: ","address":"localhost:50060"}
{"level":"info","ts":1713358235.75761,"caller":"app/main.go:40","msg":"api gateway stops"}
{"level":"error","ts":1713358235.759248,"caller":"app/main.go:31","msg":"app run","error":"http: Server closed"}
{"level":"info","ts":1713358279.3422215,"caller":"app/main.go:29","msg":"Listen: ","address":"localhost:50060"}
{"level":"info","ts":1713358420.9158275,"caller":"app/main.go:40","msg":"api gateway stops"}
{"level":"error","ts":1713358420.9168773,"caller":"app/main.go:31","msg":"app run","error":"http: Server closed"}
{"level":"info","ts":1713510742.1132874,"caller":"app/main.go:29","msg":"Listen: ","address":"localhost:50060"}
{"level":"info","ts":1713510807.3160827,"caller":"app/main.go:40","msg":"api gateway stops"}
{"level":"error","ts":1713510807.3274088,"caller":"app/main.go:31","msg":"app run","error":"http: Server closed"}
{"level":"info","ts":1713510823.8868897,"caller":"app/main.go:29","msg":"Listen: ","address":"localhost:50060"}
{"level":"info","ts":1713510898.3210812,"caller":"app/main.go:40","msg":"api gateway stops"}
{"level":"error","ts":1713510898.33936,"caller":"app/main.go:31","msg":"app run","error":"http: Server closed"}
{"level":"info","ts":1713510919.797568,"caller":"app/main.go:29","msg":"Listen: ","address":"localhost:50060"}
{"level":"info","ts":1713510935.5819144,"caller":"kafka/producer.go:34","msg":"kafka userCreated message{partition 11 0  <nil>} {offset 11 0  <nil>} {key 15 0 api.user.created <nil>} {value 15 0 \n$8188fa5d-1800-4a0d-ba03-ef200308b0a8\u0012\u0008john_doe\u001a\u0010john@example.com\"\u0011hashedpassword123*\u0004John2\u0003Doe:.Software engineer passionate about technology.B\u0013https://johndoe.comX\u0001b\u0014somerandomrefresh123 <nil>}"}
{"level":"info","ts":1713510996.6081514,"caller":"app/main.go:40","msg":"api gateway stops"}
{"level":"error","ts":1713510996.6203554,"caller":"app/main.go:31","msg":"app run","error":"http: Server closed"}
{"level":"info","ts":1713511011.1858172,"caller":"app/main.go:29","msg":"Listen: ","address":"localhost:50060"}
{"level":"info","ts":1713511013.7183154,"caller":"kafka/producer.go:34","msg":"kafka userCreated message{partition 11 0  <nil>} {offset 11 1  <nil>} {key 15 0 api.user.created <nil>} {value 15 0 \n$4d2aa168-55f3-49f6-a47e-aec8aa454330\u0012\u0008john_doe\u001a\u0010john@example.com\"\u0011hashedpassword123*\u0004John2\u0003Doe:.Software engineer passionate about technology.B\u0013https://johndoe.comX\u0001b\u0014somerandomrefresh123 <nil>}"}
{"level":"info","ts":1713511019.6819441,"caller":"app/main.go:40","msg":"api gateway stops"}
{"level":"error","ts":1713511019.6826088,"caller":"app/main.go:31","msg":"app run","error":"http: Server closed"}
{"level":"info","ts":1713514319.9212062,"caller":"app/main.go:29","msg":"Listen: ","address":"localhost:50060"}
{"level":"info","ts":1713514349.8369746,"caller":"kafka/producer.go:34","msg":"kafka userCreated message{partition 11 0  <nil>} {offset 11 2  <nil>} {key 15 0 api.user.created <nil>} {value 15 0 \n$09134c16-8bd8-42ec-909c-9cb0b5e9c71e\u0012\u0008john_doe\u001a\u0010john@example.com\"\u0011hashedpassword123*\u0004John2\u0003Doe:.Software engineer passionate about technology.B\u0013https://johndoe.comX\u0001b\u0014somerandomrefresh123 <nil>}"}
{"level":"info","ts":1713514367.828452,"caller":"app/main.go:40","msg":"api gateway stops"}
{"level":"error","ts":1713514367.84673,"caller":"app/main.go:31","msg":"app run","error":"http: Server closed"}
{"level":"info","ts":1713515524.8542633,"caller":"app/main.go:29","msg":"Listen: ","address":"localhost:50060"}
{"level":"info","ts":1713515533.93967,"caller":"kafka/producer.go:34","msg":"kafka userCreated message{partition 11 0  <nil>} {offset 11 3  <nil>} {key 15 0 api.user.created <nil>} {value 15 0 \n$f25cf83e-be6b-45e9-935b-e157a547ae89\u0012\u0008john_doe\u001a\u0010john@example.com\"\u0011hashedpassword123*\u0004John2\u0003Doe:.Software engineer passionate about technology.B\u0013https://johndoe.comX\u0001b\u0014somerandomrefresh123 <nil>}"}
{"level":"info","ts":1713515799.179203,"caller":"kafka/producer.go:34","msg":"kafka userCreated message{partition 11 0  <nil>} {offset 11 4  <nil>} {key 15 0 api.user.created <nil>} {value 15 0 \n$0f85b396-9235-466d-a051-0513616b779f\u0012\u0008john_doe\u001a\u0010john@example.com\"\u0011hashedpassword123*\u0004John2\u0003Doe:.Software engineer passionate about technology.B\u0013https://johndoe.comX\u0001b\u0014somerandomrefresh123 <nil>}"}
{"level":"info","ts":1713516297.2386453,"caller":"app/main.go:40","msg":"api gateway stops"}
{"level":"error","ts":1713516297.2500515,"caller":"app/main.go:31","msg":"app run","error":"http: Server closed"}
{"level":"info","ts":1713777827.5336833,"caller":"app/main.go:29","msg":"Listen: ","address":"localhost:50060"}
{"level":"info","ts":1713777854.6067889,"caller":"kafka/producer.go:34","msg":"kafka userCreated message{partition 11 0  <nil>} {offset 11 0  <nil>} {key 15 0 api.user.created <nil>} {value 15 0 \n$8bec4605-06ad-49f8-82ba-d9ac5e09e12b\u0012\u0008john_doe\u001a\u0010john@example.com\"\u0011hashedpassword123*\u0004John2\u0003Doe:.Software engineer passionate about technology.B\u0013https://johndoe.comX\u0001b\u0014somerandomrefresh123 <nil>}"}
{"level":"info","ts":1713778001.6190102,"caller":"app/main.go:40","msg":"api gateway stops"}
{"level":"info","ts":1713778006.646962,"caller":"app/main.go:29","msg":"Listen: ","address":"localhost:50060"}
{"level":"info","ts":1713778013.0913656,"caller":"kafka/producer.go:35","msg":"kafka userCreated message{partition 11 0  <nil>} {offset 11 1  <nil>} {key 15 0 api.user.created <nil>} {value 15 0 {\"id\":\"757fd7e4-460a-4cb9-814f-f206bbbe834a\",\"username\":\"john_doe\",\"email\":\"john@example.com\",\"password\":\"hashedpassword123\",\"first_name\":\"John\",\"last_name\":\"Doe\",\"bio\":\"Software engineer passionate about technology.\",\"website\":\"https://johndoe.com\",\"created_at\":\"\",\"updated_at\":\"\",\"is_active\":true,\"refresh_token\":\"somerandomrefresh123\"} <nil>}"}
{"level":"info","ts":1713778042.1031606,"caller":"app/main.go:40","msg":"api gateway stops"}
{"level":"error","ts":1713778042.1038303,"caller":"app/main.go:31","msg":"app run","error":"http: Server closed"}
{"level":"info","ts":1713778717.0520036,"caller":"app/main.go:29","msg":"Listen: ","address":"localhost:50060"}
{"level":"info","ts":1713778732.3082285,"caller":"kafka/producer.go:35","msg":"kafka userCreated message{partition 11 0  <nil>} {offset 11 0  <nil>} {key 15 0 api.user.created <nil>} {value 15 0 {\"id\":\"6d9bc145-520e-483f-a16b-fb22e533ea66\",\"username\":\"john_doe\",\"email\":\"john@example.com\",\"password\":\"hashedpassword123\",\"first_name\":\"John\",\"last_name\":\"Doe\",\"bio\":\"Software engineer passionate about technology.\",\"website\":\"https://johndoe.com\",\"created_at\":\"\",\"updated_at\":\"\",\"is_active\":true,\"refresh_token\":\"somerandomrefresh123\"} <nil>}"}
{"level":"info","ts":1713779071.6214054,"caller":"app/main.go:40","msg":"api gateway stops"}
{"level":"info","ts":1713779080.8153791,"caller":"app/main.go:29","msg":"Listen: ","address":"localhost:50060"}
{"level":"info","ts":1713779118.8659382,"caller":"kafka/producer.go:35","msg":"kafka userCreated message{partition 11 0  <nil>} {offset 11 0  <nil>} {key 15 0 api.user.created <nil>} {value 15 0 {\"id\":\"afb6d21c-211a-4cbd-a4d1-d8989b8508db\",\"username\":\"john_doe\",\"email\":\"john@example.com\",\"password\":\"hashedpassword123\",\"first_name\":\"John\",\"last_name\":\"Doe\",\"bio\":\"Software engineer passionate about technology.\",\"website\":\"https://johndoe.com\",\"created_at\":\"\",\"updated_at\":\"\",\"is_active\":true,\"refresh_token\":\"somerandomrefresh123\"} <nil>}"}
{"level":"info","ts":1713779455.5035176,"caller":"app/main.go:40","msg":"api gateway stops"}
{"level":"info","ts":1713779565.4606562,"caller":"app/main.go:29","msg":"Listen: ","address":"localhost:50060"}
{"level":"info","ts":1713779576.587158,"caller":"kafka/producer.go:35","msg":"kafka userCreated message{partition 11 0  <nil>} {offset 11 0  <nil>} {key 15 0 api.user.created <nil>} {value 15 0 {\"id\":\"3024dc3f-5bea-42cb-bcd6-1847fa5dbf25\",\"username\":\"john_doe\",\"email\":\"john@example.com\",\"password\":\"hashedpassword123\",\"first_name\":\"John\",\"last_name\":\"Doe\",\"bio\":\"Software engineer passionate about technology.\",\"website\":\"https://johndoe.com\",\"created_at\":\"\",\"updated_at\":\"\",\"is_active\":true,\"refresh_token\":\"somerandomrefresh123\"} <nil>}"}
{"level":"info","ts":1713779623.3930788,"caller":"app/main.go:40","msg":"api gateway stops"}
{"level":"error","ts":1713779623.393701,"caller":"app/main.go:31","msg":"app run","error":"http: Server closed"}
{"level":"info","ts":1713779632.742101,"caller":"app/main.go:29","msg":"Listen: ","address":"localhost:50060"}
{"level":"info","ts":1713779821.4245126,"caller":"kafka/producer.go:35","msg":"kafka userCreated message{partition 11 0  <nil>} {offset 11 1  <nil>} {key 15 0 api.user.created <nil>} {value 15 0 {\"id\":\"338a479b-c271-4f34-b717-99ae40df153a\",\"username\":\"john_doe\",\"email\":\"john@example.com\",\"password\":\"hashedpassword123\",\"first_name\":\"John\",\"last_name\":\"Doe\",\"bio\":\"Software engineer passionate about technology.\",\"website\":\"https://johndoe.com\",\"created_at\":\"\",\"updated_at\":\"\",\"is_active\":true,\"refresh_token\":\"somerandomrefresh123\"} <nil>}"}
{"level":"info","ts":1713779927.2557883,"caller":"app/main.go:40","msg":"api gateway stops"}
{"level":"error","ts":1713779927.2588027,"caller":"app/main.go:31","msg":"app run","error":"http: Server closed"}
{"level":"info","ts":1713780034.2807205,"caller":"app/main.go:29","msg":"Listen: ","address":"localhost:50060"}
{"level":"info","ts":1713780045.2043855,"caller":"kafka/producer.go:35","msg":"kafka userCreated message{partition 11 0  <nil>} {offset 11 2  <nil>} {key 15 0 api.user.created <nil>} {value 15 0 {\"id\":\"7ac3c857-8cd2-451f-98cc-fdfcc240eb18\",\"username\":\"john_doe\",\"email\":\"john@example.com\",\"password\":\"hashedpassword123\",\"first_name\":\"John\",\"last_name\":\"Doe\",\"bio\":\"Software engineer passionate about technology.\",\"website\":\"https://johndoe.com\",\"created_at\":\"\",\"updated_at\":\"\",\"is_active\":true,\"refresh_token\":\"somerandomrefresh123\"} <nil>}"}
{"level":"info","ts":1713780110.95201,"caller":"app/main.go:40","msg":"api gateway stops"}
{"level":"error","ts":1713780110.9526951,"caller":"app/main.go:31","msg":"app run","error":"http: Server closed"}
{"level":"info","ts":1713780114.568359,"caller":"app/main.go:29","msg":"Listen: ","address":"localhost:50060"}
{"level":"info","ts":1713780122.865187,"caller":"kafka/producer.go:35","msg":"kafka userCreated message{partition 11 0  <nil>} {offset 11 0  <nil>} {key 15 0 api.user.created <nil>} {value 15 0 {\"id\":\"8ef536ff-8405-4d0c-ba0b-22dac4ad1f30\",\"username\":\"john_doe\",\"email\":\"john@example.com\",\"password\":\"hashedpassword123\",\"first_name\":\"John\",\"last_name\":\"Doe\",\"bio\":\"Software engineer passionate about technology.\",\"website\":\"https://johndoe.com\",\"created_at\":\"\",\"updated_at\":\"\",\"is_active\":true,\"refresh_token\":\"somerandomrefresh123\"} <nil>}"}
{"level":"info","ts":1713780177.6819198,"caller":"kafka/producer.go:35","msg":"kafka userCreated message{partition 11 0  <nil>} {offset 11 1  <nil>} {key 15 0 api.user.created <nil>} {value 15 0 {\"id\":\"292315fd-9d38-4487-90db-cac694bd3346\",\"username\":\"john_doe\",\"email\":\"john@example.com\",\"password\":\"hashedpassword123\",\"first_name\":\"John\",\"last_name\":\"Doe\",\"bio\":\"Software engineer passionate about technology.\",\"website\":\"https://johndoe.com\",\"created_at\":\"\",\"updated_at\":\"\",\"is_active\":true,\"refresh_token\":\"somerandomrefresh123\"} <nil>}"}
{"level":"info","ts":1713780291.5057795,"caller":"app/main.go:40","msg":"api gateway stops"}
{"level":"error","ts":1713780291.510186,"caller":"app/main.go:31","msg":"app run","error":"http: Server closed"}
{"level":"info","ts":1713780296.10118,"caller":"app/main.go:29","msg":"Listen: ","address":"localhost:50060"}
{"level":"info","ts":1713780297.1838963,"caller":"kafka/producer.go:35","msg":"kafka userCreated message{partition 11 0  <nil>} {offset 11 2  <nil>} {key 15 0 api.user.created <nil>} {value 15 0 {\"id\":\"c05d04a8-1c89-437d-9920-3738c7836406\",\"username\":\"john_doe\",\"email\":\"john@example.com\",\"password\":\"hashedpassword123\",\"first_name\":\"John\",\"last_name\":\"Doe\",\"bio\":\"Software engineer passionate about technology.\",\"website\":\"https://johndoe.com\",\"created_at\":\"\",\"updated_at\":\"\",\"is_active\":true,\"refresh_token\":\"somerandomrefresh123\"} <nil>}"}
{"level":"info","ts":1713780365.9369178,"caller":"app/main.go:40","msg":"api gateway stops"}
{"level":"error","ts":1713780365.937865,"caller":"app/main.go:31","msg":"app run","error":"http: Server closed"}
{"level":"info","ts":1713780381.7645044,"caller":"app/main.go:29","msg":"Listen: ","address":"localhost:50060"}
{"level":"info","ts":1713780411.3670785,"caller":"kafka/producer.go:35","msg":"kafka userCreated message{partition 11 0  <nil>} {offset 11 0  <nil>} {key 15 0 api.user.created <nil>} {value 15 0 {\"id\":\"a2c95987-fd73-4c8e-955d-6b48d7d5e3a7\",\"username\":\"john_doe\",\"email\":\"johnwerwer@example.com\",\"password\":\"hashederpassword123\",\"first_name\":\"John\",\"last_name\":\"Doe\",\"bio\":\"Software engineer passionate about technology.\",\"website\":\"https://johndoe.com\",\"created_at\":\"\",\"updated_at\":\"\",\"is_active\":true,\"refresh_token\":\"somerandomrefresh123\"} <nil>}"}
{"level":"info","ts":1713780424.5920382,"caller":"app/main.go:40","msg":"api gateway stops"}
{"level":"error","ts":1713780424.5926812,"caller":"app/main.go:31","msg":"app run","error":"http: Server closed"}
{"level":"info","ts":1713780483.0954998,"caller":"app/main.go:29","msg":"Listen: ","address":"localhost:50060"}
